<?xml version="1.0" encoding="UTF-8"?>
<testng-results skipped="0" failed="0" total="1" passed="1">
  <reporter-output>
  </reporter-output>
  <suite name="learning.jenkins.facebook.TestNGLauncher" duration-ms="131" started-at="2017-11-05T10:39:42Z" finished-at="2017-11-05T10:39:42Z">
    <groups>
    </groups>
    <test name="Command line test" duration-ms="131" started-at="2017-11-05T10:39:42Z" finished-at="2017-11-05T10:39:42Z">
      <class name="learning.jenkins.facebook.TestNGLauncher">
        <test-method status="PASS" signature="test12()[pri:0, instance:learning.jenkins.facebook.TestNGLauncher@90f6bfd]" name="test12" duration-ms="31" started-at="2017-11-05T16:09:42Z" finished-at="2017-11-05T16:09:42Z">
          <reporter-output>
          </reporter-output>
        </test-method> <!-- test12 -->
      </class> <!-- learning.jenkins.facebook.TestNGLauncher -->
    </test> <!-- Command line test -->
  </suite> <!-- learning.jenkins.facebook.TestNGLauncher -->
</testng-results>
