<?xml version="1.0" encoding="UTF-8"?>
<!-- Generated by org.testng.reporters.JUnitXMLReporter -->
<testsuite hostname="ankur" name="FacebookTest" tests="2" failures="1" timestamp="22 Jul 2018 18:27:50 GMT" time="9.099" errors="0">
  <testcase name="login" time="8.954" classname="learning.automation.facebook.functional.UploadAndDownload"/>
  <testcase name="upload_profile_pic" time="0.101" classname="learning.automation.facebook.functional.UploadAndDownload">
    <failure type="org.openqa.selenium.NoSuchElementException" message="Unable to locate element: //a/span[contains(text(),&amp;apos;Leonardo&amp;apos;)]
For documentation on this error, please visit: http://seleniumhq.org/exceptions/no_such_element.html
Build info: version: &amp;apos;3.4.0&amp;apos;, revision: &amp;apos;unknown&amp;apos;, time: &amp;apos;unknown&amp;apos;
System info: host: &amp;apos;ankur&amp;apos;, ip: &amp;apos;127.0.0.1&amp;apos;, os.name: &amp;apos;Linux&amp;apos;, os.arch: &amp;apos;amd64&amp;apos;, os.version: &amp;apos;4.13.0-43-generic&amp;apos;, java.version: &amp;apos;1.8.0_161&amp;apos;
Driver info: org.openqa.selenium.remote.RemoteWebDriver
Capabilities [{moz:profile=/tmp/rust_mozprofile.QzxJMEiJEC8m, rotatable=false, timeouts={implicit=0.0, pageLoad=300000.0, script=30000.0}, pageLoadStrategy=normal, moz:headless=false, platform=ANY, moz:accessibilityChecks=false, moz:useNonSpecCompliantPointerOrigin=false, webdriver.remote.sessionid=bcf01e72-d3ce-4343-a5b8-203db2fb0203, acceptInsecureCerts=true, browserVersion=60.0, platformVersion=4.13.0-43-generic, moz:processID=4624.0, browserName=firefox, javascriptEnabled=true, platformName=linux, moz:webdriverClick=true}]
Session ID: bcf01e72-d3ce-4343-a5b8-203db2fb0203
*** Element info: {Using=xpath, value=//a/span[contains(text(),&amp;apos;Leonardo&amp;apos;)]}">
      <![CDATA[org.openqa.selenium.NoSuchElementException: Unable to locate element: //a/span[contains(text(),'Leonardo')]
For documentation on this error, please visit: http://seleniumhq.org/exceptions/no_such_element.html
Build info: version: '3.4.0', revision: 'unknown', time: 'unknown'
System info: host: 'ankur', ip: '127.0.0.1', os.name: 'Linux', os.arch: 'amd64', os.version: '4.13.0-43-generic', java.version: '1.8.0_161'
Driver info: org.openqa.selenium.remote.RemoteWebDriver
Capabilities [{moz:profile=/tmp/rust_mozprofile.QzxJMEiJEC8m, rotatable=false, timeouts={implicit=0.0, pageLoad=300000.0, script=30000.0}, pageLoadStrategy=normal, moz:headless=false, platform=ANY, moz:accessibilityChecks=false, moz:useNonSpecCompliantPointerOrigin=false, webdriver.remote.sessionid=bcf01e72-d3ce-4343-a5b8-203db2fb0203, acceptInsecureCerts=true, browserVersion=60.0, platformVersion=4.13.0-43-generic, moz:processID=4624.0, browserName=firefox, javascriptEnabled=true, platformName=linux, moz:webdriverClick=true}]
Session ID: bcf01e72-d3ce-4343-a5b8-203db2fb0203
*** Element info: {Using=xpath, value=//a/span[contains(text(),'Leonardo')]}
	at org.openqa.selenium.remote.http.W3CHttpResponseCodec.createException(W3CHttpResponseCodec.java:150)
	at org.openqa.selenium.remote.http.W3CHttpResponseCodec.decode(W3CHttpResponseCodec.java:115)
	at org.openqa.selenium.remote.http.W3CHttpResponseCodec.decode(W3CHttpResponseCodec.java:45)
	at org.openqa.selenium.remote.HttpCommandExecutor.execute(HttpCommandExecutor.java:164)
	at org.openqa.selenium.remote.RemoteWebDriver.execute(RemoteWebDriver.java:637)
	at org.openqa.selenium.remote.RemoteWebDriver.findElement(RemoteWebDriver.java:410)
	at org.openqa.selenium.remote.RemoteWebDriver.findElementByXPath(RemoteWebDriver.java:509)
	at org.openqa.selenium.By$ByXPath.findElement(By.java:361)
	at org.openqa.selenium.remote.RemoteWebDriver.findElement(RemoteWebDriver.java:402)
	at learning.automation.facebook.functional.UploadAndDownload.upload_profile_pic(UploadAndDownload.java:49)
	at learning.automation.facebook.functional.TestNGLauncher.invokeTestNG(TestNGLauncher.java:55)
	at learning.automation.facebook.driver.Driver.main(Driver.java:9)
... Removed 25 stack frames]]>
    </failure>
  </testcase> <!-- upload_profile_pic -->
</testsuite> <!-- FacebookTest -->
